[DEBUG] Ajustes feitos no pitch_adjustment: 0
[DEBUG] Ajustes feitos no pitch_adjustment: 0
[DEBUG] Ajustes feitos no pitch_adjustment: 0
[DEBUG] Ajustes feitos no pitch_adjustment: 0
[DEBUG] Ajustes feitos no pitch_adjustment: 0
[DEBUG] Ajustes feitos no pitch_adjustment: 0
[DEBUG] Ajustes feitos no pitch_adjustment: 0
[DEBUG] Ajustes feitos no pitch_adjustment: 0
[DEBUG] Ajustes feitos no pitch_adjustment: 0
[DEBUG] Ajustes feitos no pitch_adjustment: 0
[DEBUG] Ajustes feitos no pitch_adjustment: 0
[DEBUG] Ajustes feitos no pitch_adjustment: 0
[DEBUG] Ajustes feitos no pitch_adjustment: 0
[DEBUG] Ajustes feitos no pitch_adjustment: 0
[DEBUG] Ajustes feitos no pitch_adjustment: 0
[DEBUG] Ajustes feitos no pitch_adjustment: 0
[!] Tempo limite de 60 segundos atingido na iteração 16.
[✓] Melhor solução parcial encontrada com OFV = 3.2913385826771653
[✓] Solução parcial salva em: /Users/lucas/Desktop/mercadolivre/mercadolivre-challenge-sbpo/experiment/results/solucao_parcial.txt
Função Objetivo: 3.3095238095238093
Validando solução

Checker terminou com erro:
/Library/Developer/CommandLineTools/usr/bin/python3: can't open file '/Users/lucas/Desktop/mercadolivre/mercadolivre-challenge-sbpo/experiment/checker.py': [Errno 2] No such file or directory


--- STDERR ---
